{"C:\\Users\\krak_\\OneDrive\\Documents\\CursoDevops\\ProyectoNode\\20-08-2025\\backend-test\\src\\app.controller.ts": {"path":"C:\\Users\\krak_\\OneDrive\\Documents\\CursoDevops\\ProyectoNode\\20-08-2025\\backend-test\\src\\app.controller.ts","statementMap":{"0":{"start":{"line":1,"column":0},"end":{"line":1,"column":61}},"1":{"start":{"line":2,"column":0},"end":{"line":2,"column":43}},"2":{"start":{"line":6,"column":7},"end":{"line":27,"column":null}},"3":{"start":{"line":7,"column":31},"end":{"line":7,"column":43}},"4":{"start":{"line":11,"column":4},"end":{"line":11,"column":38}},"5":{"start":{"line":16,"column":4},"end":{"line":16,"column":39}},"6":{"start":{"line":21,"column":19},"end":{"line":21,"column":51}},"7":{"start":{"line":22,"column":4},"end":{"line":24,"column":5}},"8":{"start":{"line":23,"column":6},"end":{"line":23,"column":61}},"9":{"start":{"line":25,"column":4},"end":{"line":25,"column":61}},"10":{"start":{"line":6,"column":13},"end":{"line":6,"column":26}},"11":{"start":{"line":10,"column":2},"end":{"line":12,"column":null}},"12":{"start":{"line":15,"column":2},"end":{"line":17,"column":null}},"13":{"start":{"line":20,"column":2},"end":{"line":26,"column":null}},"14":{"start":{"line":6,"column":13},"end":{"line":27,"column":null}}},"fnMap":{"0":{"name":"(anonymous_4)","decl":{"start":{"line":7,"column":2},"end":{"line":7,"column":31}},"loc":{"start":{"line":7,"column":53},"end":{"line":7,"column":57}}},"1":{"name":"(anonymous_5)","decl":{"start":{"line":10,"column":2},"end":{"line":10,"column":10}},"loc":{"start":{"line":10,"column":10},"end":{"line":12,"column":3}}},"2":{"name":"(anonymous_6)","decl":{"start":{"line":15,"column":2},"end":{"line":15,"column":11}},"loc":{"start":{"line":15,"column":11},"end":{"line":17,"column":3}}},"3":{"name":"(anonymous_7)","decl":{"start":{"line":20,"column":2},"end":{"line":20,"column":13}},"loc":{"start":{"line":20,"column":61},"end":{"line":26,"column":3}}}},"branchMap":{"0":{"loc":{"start":{"line":22,"column":4},"end":{"line":24,"column":5}},"type":"if","locations":[{"start":{"line":22,"column":4},"end":{"line":24,"column":5}}]}},"s":{"0":1,"1":1,"2":1,"3":1,"4":1,"5":1,"6":2,"7":2,"8":1,"9":1,"10":1,"11":1,"12":1,"13":1,"14":1},"f":{"0":1,"1":1,"2":1,"3":2},"b":{"0":[1]}}
,"C:\\Users\\krak_\\OneDrive\\Documents\\CursoDevops\\ProyectoNode\\20-08-2025\\backend-test\\src\\app.service.ts": {"path":"C:\\Users\\krak_\\OneDrive\\Documents\\CursoDevops\\ProyectoNode\\20-08-2025\\backend-test\\src\\app.service.ts","statementMap":{"0":{"start":{"line":1,"column":0},"end":{"line":1,"column":52}},"1":{"start":{"line":3,"column":0},"end":{"line":3,"column":37}},"2":{"start":{"line":4,"column":0},"end":{"line":4,"column":47}},"3":{"start":{"line":7,"column":7},"end":{"line":24,"column":null}},"4":{"start":{"line":10,"column":21},"end":{"line":10,"column":57}},"5":{"start":{"line":14,"column":4},"end":{"line":14,"column":22}},"6":{"start":{"line":18,"column":4},"end":{"line":18,"column":37}},"7":{"start":{"line":22,"column":4},"end":{"line":22,"column":28}},"8":{"start":{"line":7,"column":13},"end":{"line":7,"column":23}},"9":{"start":{"line":7,"column":13},"end":{"line":24,"column":null}}},"fnMap":{"0":{"name":"(anonymous_4)","decl":{"start":{"line":8,"column":2},"end":{"line":8,"column":null}},"loc":{"start":{"line":10,"column":57},"end":{"line":11,"column":6}}},"1":{"name":"(anonymous_5)","decl":{"start":{"line":13,"column":2},"end":{"line":13,"column":10}},"loc":{"start":{"line":13,"column":10},"end":{"line":15,"column":3}}},"2":{"name":"(anonymous_6)","decl":{"start":{"line":17,"column":2},"end":{"line":17,"column":11}},"loc":{"start":{"line":17,"column":11},"end":{"line":19,"column":3}}},"3":{"name":"(anonymous_7)","decl":{"start":{"line":21,"column":2},"end":{"line":21,"column":13}},"loc":{"start":{"line":21,"column":25},"end":{"line":23,"column":3}}}},"branchMap":{},"s":{"0":2,"1":2,"2":2,"3":2,"4":5,"5":1,"6":1,"7":2,"8":2,"9":2},"f":{"0":5,"1":1,"2":1,"3":2},"b":{}}
,"C:\\Users\\krak_\\OneDrive\\Documents\\CursoDevops\\ProyectoNode\\20-08-2025\\backend-test\\src\\tareas\\operaciones\\operaciones.controller.ts": {"path":"C:\\Users\\krak_\\OneDrive\\Documents\\CursoDevops\\ProyectoNode\\20-08-2025\\backend-test\\src\\tareas\\operaciones\\operaciones.controller.ts","statementMap":{"0":{"start":{"line":1,"column":0},"end":{"line":1,"column":61}},"1":{"start":{"line":2,"column":0},"end":{"line":2,"column":59}},"2":{"start":{"line":6,"column":7},"end":{"line":27,"column":null}},"3":{"start":{"line":7,"column":31},"end":{"line":7,"column":44}},"4":{"start":{"line":16,"column":20},"end":{"line":16,"column":62}},"5":{"start":{"line":18,"column":4},"end":{"line":20,"column":5}},"6":{"start":{"line":19,"column":6},"end":{"line":19,"column":88}},"7":{"start":{"line":22,"column":4},"end":{"line":25,"column":7}},"8":{"start":{"line":6,"column":13},"end":{"line":6,"column":34}},"9":{"start":{"line":10,"column":2},"end":{"line":26,"column":null}},"10":{"start":{"line":6,"column":13},"end":{"line":27,"column":null}}},"fnMap":{"0":{"name":"(anonymous_4)","decl":{"start":{"line":7,"column":2},"end":{"line":7,"column":31}},"loc":{"start":{"line":7,"column":62},"end":{"line":7,"column":67}}},"1":{"name":"(anonymous_5)","decl":{"start":{"line":10,"column":2},"end":{"line":10,"column":8}},"loc":{"start":{"line":14,"column":25},"end":{"line":26,"column":3}}}},"branchMap":{"0":{"loc":{"start":{"line":18,"column":4},"end":{"line":20,"column":5}},"type":"if","locations":[{"start":{"line":18,"column":4},"end":{"line":20,"column":5}}]},"1":{"loc":{"start":{"line":18,"column":8},"end":{"line":18,"column":55}},"type":"binary-expr","locations":[{"start":{"line":18,"column":8},"end":{"line":18,"column":29}},{"start":{"line":18,"column":33},"end":{"line":18,"column":55}}]}},"s":{"0":1,"1":1,"2":1,"3":3,"4":3,"5":3,"6":1,"7":2,"8":1,"9":1,"10":1},"f":{"0":3,"1":3},"b":{"0":[1],"1":[3,2]}}
,"C:\\Users\\krak_\\OneDrive\\Documents\\CursoDevops\\ProyectoNode\\20-08-2025\\backend-test\\src\\tareas\\operaciones\\operaciones.service.ts": {"path":"C:\\Users\\krak_\\OneDrive\\Documents\\CursoDevops\\ProyectoNode\\20-08-2025\\backend-test\\src\\tareas\\operaciones\\operaciones.service.ts","statementMap":{"0":{"start":{"line":1,"column":0},"end":{"line":1,"column":44}},"1":{"start":{"line":4,"column":7},"end":{"line":41,"column":null}},"2":{"start":{"line":6,"column":4},"end":{"line":17,"column":5}},"3":{"start":{"line":8,"column":8},"end":{"line":8,"column":32}},"4":{"start":{"line":10,"column":8},"end":{"line":10,"column":33}},"5":{"start":{"line":12,"column":8},"end":{"line":12,"column":42}},"6":{"start":{"line":14,"column":8},"end":{"line":14,"column":36}},"7":{"start":{"line":16,"column":8},"end":{"line":16,"column":29}},"8":{"start":{"line":21,"column":4},"end":{"line":21,"column":17}},"9":{"start":{"line":25,"column":4},"end":{"line":25,"column":17}},"10":{"start":{"line":29,"column":4},"end":{"line":29,"column":17}},"11":{"start":{"line":33,"column":4},"end":{"line":33,"column":28}},"12":{"start":{"line":33,"column":17},"end":{"line":33,"column":28}},"13":{"start":{"line":34,"column":4},"end":{"line":34,"column":26}},"14":{"start":{"line":34,"column":17},"end":{"line":34,"column":26}},"15":{"start":{"line":35,"column":4},"end":{"line":35,"column":17}},"16":{"start":{"line":39,"column":4},"end":{"line":39,"column":21}},"17":{"start":{"line":4,"column":13},"end":{"line":4,"column":31}},"18":{"start":{"line":4,"column":13},"end":{"line":41,"column":null}}},"fnMap":{"0":{"name":"(anonymous_1)","decl":{"start":{"line":5,"column":2},"end":{"line":5,"column":8}},"loc":{"start":{"line":5,"column":48},"end":{"line":18,"column":3}}}},"branchMap":{"0":{"loc":{"start":{"line":6,"column":4},"end":{"line":17,"column":5}},"type":"switch","locations":[{"start":{"line":7,"column":6},"end":{"line":8,"column":32}},{"start":{"line":9,"column":6},"end":{"line":10,"column":33}},{"start":{"line":11,"column":6},"end":{"line":12,"column":42}},{"start":{"line":13,"column":6},"end":{"line":14,"column":36}},{"start":{"line":15,"column":6},"end":{"line":16,"column":29}}]},"1":{"loc":{"start":{"line":33,"column":4},"end":{"line":33,"column":28}},"type":"if","locations":[{"start":{"line":33,"column":4},"end":{"line":33,"column":28}}]},"2":{"loc":{"start":{"line":34,"column":4},"end":{"line":34,"column":26}},"type":"if","locations":[{"start":{"line":34,"column":4},"end":{"line":34,"column":26}}]}},"s":{"0":2,"1":2,"2":7,"3":1,"4":1,"5":1,"6":3,"7":1,"8":1,"9":1,"10":1,"11":3,"12":1,"13":2,"14":1,"15":1,"16":1,"17":2,"18":2},"f":{"0":7},"b":{"0":[1,1,1,3,1],"1":[1],"2":[1]}}
}
