TN:
SF:src\app.controller.ts
FN:7,(anonymous_4)
FN:10,(anonymous_5)
FN:15,(anonymous_6)
FN:20,(anonymous_7)
FNF:4
FNH:4
FNDA:2,(anonymous_4)
FNDA:1,(anonymous_5)
FNDA:1,(anonymous_6)
FNDA:2,(anonymous_7)
DA:1,2
DA:2,2
DA:6,2
DA:7,2
DA:10,2
DA:11,1
DA:15,2
DA:16,1
DA:20,2
DA:21,2
DA:22,2
DA:23,1
DA:25,1
LF:13
LH:13
BRDA:22,0,0,1
BRF:1
BRH:1
end_of_record
TN:
SF:src\app.module.ts
FNF:0
FNH:0
DA:1,1
DA:2,1
DA:3,1
DA:4,1
DA:5,1
DA:6,1
DA:19,1
LF:7
LH:7
BRF:0
BRH:0
end_of_record
TN:
SF:src\app.service.ts
FN:8,(anonymous_4)
FN:13,(anonymous_5)
FN:17,(anonymous_6)
FN:21,(anonymous_7)
FNF:4
FNH:4
FNDA:5,(anonymous_4)
FNDA:1,(anonymous_5)
FNDA:1,(anonymous_6)
FNDA:2,(anonymous_7)
DA:1,3
DA:3,3
DA:4,3
DA:7,3
DA:10,5
DA:14,1
DA:18,1
DA:22,2
LF:8
LH:8
BRF:0
BRH:0
end_of_record
TN:
SF:src\tareas\tareas.module.ts
FNF:0
FNH:0
DA:1,1
DA:2,1
DA:3,1
DA:9,1
LF:4
LH:4
BRF:0
BRH:0
end_of_record
TN:
SF:src\tareas\operaciones\operaciones.controller.ts
FN:7,(anonymous_4)
FN:10,(anonymous_5)
FNF:2
FNH:2
FNDA:1,(anonymous_4)
FNDA:1,(anonymous_5)
DA:1,1
DA:2,1
DA:6,1
DA:7,1
DA:10,1
DA:16,1
DA:18,1
DA:19,1
DA:24,0
LF:9
LH:8
BRDA:18,0,0,1
BRF:1
BRH:1
end_of_record
TN:
SF:src\tareas\operaciones\operaciones.service.ts
FN:5,(anonymous_1)
FNF:1
FNH:1
FNDA:8,(anonymous_1)
DA:1,2
DA:4,2
DA:6,8
DA:7,2
DA:8,6
DA:9,1
DA:10,5
DA:11,1
DA:12,4
DA:13,3
DA:18,2
DA:22,1
DA:26,1
DA:30,3
DA:31,1
DA:32,2
DA:33,1
DA:35,1
LF:18
LH:18
BRDA:5,0,0,0
BRDA:6,1,0,2
BRDA:6,1,1,6
BRDA:8,2,0,1
BRDA:8,2,1,5
BRDA:10,3,0,1
BRDA:10,3,1,4
BRDA:12,4,0,3
BRDA:30,5,0,1
BRDA:30,5,1,2
BRDA:32,6,0,1
BRF:11
BRH:10
end_of_record
