TN:
SF:src\app.controller.ts
FN:7,(anonymous_4)
FN:10,(anonymous_5)
FN:15,(anonymous_6)
FN:20,(anonymous_7)
FNF:4
FNH:4
FNDA:1,(anonymous_4)
FNDA:1,(anonymous_5)
FNDA:1,(anonymous_6)
FNDA:2,(anonymous_7)
DA:1,1
DA:2,1
DA:6,1
DA:7,1
DA:10,1
DA:11,1
DA:15,1
DA:16,1
DA:20,1
DA:21,2
DA:22,2
DA:23,1
DA:25,1
LF:13
LH:13
BRDA:22,0,0,1
BRF:1
BRH:1
end_of_record
TN:
SF:src\app.service.ts
FN:8,(anonymous_4)
FN:13,(anonymous_5)
FN:17,(anonymous_6)
FN:21,(anonymous_7)
FNF:4
FNH:4
FNDA:5,(anonymous_4)
FNDA:1,(anonymous_5)
FNDA:1,(anonymous_6)
FNDA:2,(anonymous_7)
DA:1,2
DA:3,2
DA:4,2
DA:7,2
DA:10,5
DA:14,1
DA:18,1
DA:22,2
LF:8
LH:8
BRF:0
BRH:0
end_of_record
TN:
SF:src\tareas\operaciones\operaciones.controller.ts
FN:7,(anonymous_4)
FN:10,(anonymous_5)
FNF:2
FNH:2
FNDA:3,(anonymous_4)
FNDA:3,(anonymous_5)
DA:1,1
DA:2,1
DA:6,1
DA:7,3
DA:10,1
DA:16,3
DA:18,3
DA:19,1
DA:22,2
LF:9
LH:9
BRDA:18,0,0,1
BRDA:18,1,0,3
BRDA:18,1,1,2
BRF:3
BRH:3
end_of_record
TN:
SF:src\tareas\operaciones\operaciones.service.ts
FN:5,(anonymous_1)
FNF:1
FNH:1
FNDA:7,(anonymous_1)
DA:1,2
DA:4,2
DA:6,7
DA:8,1
DA:10,1
DA:12,1
DA:14,3
DA:16,1
DA:21,1
DA:25,1
DA:29,1
DA:33,3
DA:34,2
DA:35,1
DA:39,1
LF:15
LH:15
BRDA:6,0,0,1
BRDA:6,0,1,1
BRDA:6,0,2,1
BRDA:6,0,3,3
BRDA:6,0,4,1
BRDA:33,1,0,1
BRDA:34,2,0,1
BRF:7
BRH:7
end_of_record
