{"/home/joker/Desktop/examen/backend-test/src/config.ts": {"path":"/home/joker/Desktop/examen/backend-test/src/config.ts","statementMap":{"0":{"start":{"line":1,"column":13},"end":{"line":5,"column":null}}},"fnMap":{},"branchMap":{"0":{"loc":{"start":{"line":3,"column":12},"end":{"line":3,"column":43}},"type":"binary-expr","locations":[{"start":{"line":3,"column":12},"end":{"line":3,"column":30}},{"start":{"line":3,"column":34},"end":{"line":3,"column":43}}]},"1":{"loc":{"start":{"line":4,"column":10},"end":{"line":4,"column":34}},"type":"binary-expr","locations":[{"start":{"line":4,"column":10},"end":{"line":4,"column":26}},{"start":{"line":4,"column":30},"end":{"line":4,"column":34}}]}},"s":{"0":1},"f":{},"b":{"0":[1,1],"1":[1,1]}}
,"/home/joker/Desktop/examen/backend-test/src/server.ts": {"path":"/home/joker/Desktop/examen/backend-test/src/server.ts","statementMap":{"0":{"start":{"line":1,"column":0},"end":{"line":1,"column":24}},"1":{"start":{"line":2,"column":0},"end":{"line":2,"column":30}},"2":{"start":{"line":3,"column":0},"end":{"line":3,"column":48}},"3":{"start":{"line":5,"column":12},"end":{"line":5,"column":21}},"4":{"start":{"line":7,"column":0},"end":{"line":7,"column":24}},"5":{"start":{"line":8,"column":0},"end":{"line":8,"column":16}},"6":{"start":{"line":10,"column":0},"end":{"line":10,"column":25}},"7":{"start":{"line":12,"column":0},"end":{"line":12,"column":19}}},"fnMap":{},"branchMap":{},"s":{"0":1,"1":1,"2":1,"3":1,"4":1,"5":1,"6":1,"7":1},"f":{},"b":{}}
,"/home/joker/Desktop/examen/backend-test/src/app/cadenas.ts": {"path":"/home/joker/Desktop/examen/backend-test/src/app/cadenas.ts","statementMap":{"0":{"start":{"line":1,"column":0},"end":{"line":1,"column":16}},"1":{"start":{"line":2,"column":24},"end":{"line":2,"column":25}},"2":{"start":{"line":4,"column":4},"end":{"line":13,"column":5}},"3":{"start":{"line":4,"column":17},"end":{"line":4,"column":18}},"4":{"start":{"line":5,"column":8},"end":{"line":12,"column":9}},"5":{"start":{"line":5,"column":21},"end":{"line":5,"column":22}},"6":{"start":{"line":6,"column":12},"end":{"line":8,"column":13}},"7":{"start":{"line":7,"column":16},"end":{"line":7,"column":22}},"8":{"start":{"line":9,"column":12},"end":{"line":11,"column":13}},"9":{"start":{"line":10,"column":16},"end":{"line":10,"column":32}},"10":{"start":{"line":14,"column":4},"end":{"line":14,"column":25}}},"fnMap":{"0":{"name":"contarCoincidenciasEnCadena","decl":{"start":{"line":1,"column":16},"end":{"line":1,"column":43}},"loc":{"start":{"line":1,"column":77},"end":{"line":15,"column":1}}}},"branchMap":{"0":{"loc":{"start":{"line":6,"column":12},"end":{"line":8,"column":13}},"type":"if","locations":[{"start":{"line":6,"column":12},"end":{"line":8,"column":13}}]},"1":{"loc":{"start":{"line":9,"column":12},"end":{"line":11,"column":13}},"type":"if","locations":[{"start":{"line":9,"column":12},"end":{"line":11,"column":13}}]}},"s":{"0":2,"1":7,"2":7,"3":7,"4":40,"5":40,"6":78,"7":36,"8":42,"9":4,"10":7},"f":{"0":7},"b":{"0":[36],"1":[4]}}
,"/home/joker/Desktop/examen/backend-test/src/app/rut.ts": {"path":"/home/joker/Desktop/examen/backend-test/src/app/rut.ts","statementMap":{"0":{"start":{"line":6,"column":0},"end":{"line":6,"column":16}},"1":{"start":{"line":8,"column":22},"end":{"line":8,"column":62}},"2":{"start":{"line":11,"column":4},"end":{"line":11,"column":43}},"3":{"start":{"line":11,"column":30},"end":{"line":11,"column":43}},"4":{"start":{"line":15,"column":19},"end":{"line":15,"column":41}},"5":{"start":{"line":16,"column":30},"end":{"line":16,"column":63}},"6":{"start":{"line":19,"column":4},"end":{"line":19,"column":44}},"7":{"start":{"line":19,"column":31},"end":{"line":19,"column":44}},"8":{"start":{"line":22,"column":15},"end":{"line":22,"column":16}},"9":{"start":{"line":23,"column":24},"end":{"line":23,"column":25}},"10":{"start":{"line":26,"column":4},"end":{"line":29,"column":5}},"11":{"start":{"line":26,"column":17},"end":{"line":26,"column":34}},"12":{"start":{"line":27,"column":8},"end":{"line":27,"column":56}},"13":{"start":{"line":28,"column":8},"end":{"line":28,"column":66}},"14":{"start":{"line":31,"column":18},"end":{"line":31,"column":27}},"15":{"start":{"line":32,"column":28},"end":{"line":32,"column":98}},"16":{"start":{"line":35,"column":4},"end":{"line":35,"column":49}}},"fnMap":{"0":{"name":"validarRUT","decl":{"start":{"line":6,"column":16},"end":{"line":6,"column":26}},"loc":{"start":{"line":6,"column":38},"end":{"line":36,"column":1}}}},"branchMap":{"0":{"loc":{"start":{"line":11,"column":4},"end":{"line":11,"column":43}},"type":"if","locations":[{"start":{"line":11,"column":4},"end":{"line":11,"column":43}}]},"1":{"loc":{"start":{"line":19,"column":4},"end":{"line":19,"column":44}},"type":"if","locations":[{"start":{"line":19,"column":4},"end":{"line":19,"column":44}}]},"2":{"loc":{"start":{"line":28,"column":24},"end":{"line":28,"column":65}},"type":"cond-expr","locations":[{"start":{"line":28,"column":44},"end":{"line":28,"column":61}},{"start":{"line":28,"column":64},"end":{"line":28,"column":65}}]},"3":{"loc":{"start":{"line":32,"column":28},"end":{"line":32,"column":98}},"type":"cond-expr","locations":[{"start":{"line":32,"column":48},"end":{"line":32,"column":51}},{"start":{"line":32,"column":54},"end":{"line":32,"column":98}}]},"4":{"loc":{"start":{"line":32,"column":54},"end":{"line":32,"column":98}},"type":"cond-expr","locations":[{"start":{"line":32,"column":74},"end":{"line":32,"column":77}},{"start":{"line":32,"column":80},"end":{"line":32,"column":98}}]}},"s":{"0":2,"1":9,"2":9,"3":1,"4":8,"5":8,"6":8,"7":1,"8":7,"9":7,"10":7,"11":7,"12":53,"13":53,"14":7,"15":7,"16":7},"f":{"0":9},"b":{"0":[1],"1":[1],"2":[47,6],"3":[1,6],"4":[1,5]}}
,"/home/joker/Desktop/examen/backend-test/src/routes/main-route.ts": {"path":"/home/joker/Desktop/examen/backend-test/src/routes/main-route.ts","statementMap":{"0":{"start":{"line":1,"column":0},"end":{"line":1,"column":30}},"1":{"start":{"line":2,"column":0},"end":{"line":2,"column":45}},"2":{"start":{"line":3,"column":0},"end":{"line":3,"column":43}},"3":{"start":{"line":4,"column":0},"end":{"line":4,"column":64}},"4":{"start":{"line":6,"column":17},"end":{"line":6,"column":33}},"5":{"start":{"line":8,"column":0},"end":{"line":10,"column":3}},"6":{"start":{"line":9,"column":4},"end":{"line":9,"column":71}},"7":{"start":{"line":12,"column":0},"end":{"line":14,"column":3}},"8":{"start":{"line":13,"column":4},"end":{"line":13,"column":78}},"9":{"start":{"line":16,"column":0},"end":{"line":20,"column":3}},"10":{"start":{"line":17,"column":20},"end":{"line":17,"column":48}},"11":{"start":{"line":18,"column":20},"end":{"line":18,"column":35}},"12":{"start":{"line":19,"column":4},"end":{"line":19,"column":94}},"13":{"start":{"line":22,"column":0},"end":{"line":26,"column":3}},"14":{"start":{"line":23,"column":34},"end":{"line":23,"column":84}},"15":{"start":{"line":24,"column":33},"end":{"line":24,"column":79}},"16":{"start":{"line":25,"column":4},"end":{"line":25,"column":119}},"17":{"start":{"line":28,"column":0},"end":{"line":28,"column":26}}},"fnMap":{"0":{"name":"(anonymous_1)","decl":{"start":{"line":8,"column":20},"end":{"line":8,"column":21}},"loc":{"start":{"line":8,"column":34},"end":{"line":10,"column":1}}},"1":{"name":"(anonymous_2)","decl":{"start":{"line":12,"column":27},"end":{"line":12,"column":28}},"loc":{"start":{"line":12,"column":41},"end":{"line":14,"column":1}}},"2":{"name":"(anonymous_3)","decl":{"start":{"line":16,"column":31},"end":{"line":16,"column":32}},"loc":{"start":{"line":16,"column":44},"end":{"line":20,"column":1}}},"3":{"name":"(anonymous_4)","decl":{"start":{"line":22,"column":36},"end":{"line":22,"column":37}},"loc":{"start":{"line":22,"column":49},"end":{"line":26,"column":1}}}},"branchMap":{"0":{"loc":{"start":{"line":19,"column":57},"end":{"line":19,"column":90}},"type":"cond-expr","locations":[{"start":{"line":19,"column":69},"end":{"line":19,"column":77}},{"start":{"line":19,"column":80},"end":{"line":19,"column":90}}]}},"s":{"0":1,"1":1,"2":1,"3":1,"4":1,"5":1,"6":1,"7":1,"8":1,"9":1,"10":2,"11":2,"12":2,"13":1,"14":3,"15":3,"16":3,"17":1},"f":{"0":1,"1":1,"2":2,"3":3},"b":{"0":[1,1]}}
}
