TN:
SF:src/config.ts
FNF:0
FNH:0
DA:1,1
LF:1
LH:1
BRDA:3,0,0,1
BRDA:3,0,1,1
BRDA:4,1,0,1
BRDA:4,1,1,1
BRF:4
BRH:4
end_of_record
TN:
SF:src/server.ts
FNF:0
FNH:0
DA:1,1
DA:2,1
DA:3,1
DA:5,1
DA:7,1
DA:8,1
DA:10,1
DA:12,1
LF:8
LH:8
BRF:0
BRH:0
end_of_record
TN:
SF:src/app/cadenas.ts
FN:1,contarCoincidenciasEnCadena
FNF:1
FNH:1
FNDA:7,contarCoincidenciasEnCadena
DA:1,2
DA:2,7
DA:4,7
DA:5,40
DA:6,78
DA:7,36
DA:9,42
DA:10,4
DA:14,7
LF:9
LH:9
BRDA:6,0,0,36
BRDA:9,1,0,4
BRF:2
BRH:2
end_of_record
TN:
SF:src/app/rut.ts
FN:6,validarRUT
FNF:1
FNH:1
FNDA:9,validarRUT
DA:6,2
DA:8,9
DA:11,9
DA:15,8
DA:16,8
DA:19,8
DA:22,7
DA:23,7
DA:26,7
DA:27,53
DA:28,53
DA:31,7
DA:32,7
DA:35,7
LF:14
LH:14
BRDA:11,0,0,1
BRDA:19,1,0,1
BRDA:28,2,0,47
BRDA:28,2,1,6
BRDA:32,3,0,1
BRDA:32,3,1,6
BRDA:32,4,0,1
BRDA:32,4,1,5
BRF:8
BRH:8
end_of_record
TN:
SF:src/routes/main-route.ts
FN:8,(anonymous_1)
FN:12,(anonymous_2)
FN:16,(anonymous_3)
FN:22,(anonymous_4)
FNF:4
FNH:4
FNDA:1,(anonymous_1)
FNDA:1,(anonymous_2)
FNDA:2,(anonymous_3)
FNDA:3,(anonymous_4)
DA:1,1
DA:2,1
DA:3,1
DA:4,1
DA:6,1
DA:8,1
DA:9,1
DA:12,1
DA:13,1
DA:16,1
DA:17,2
DA:18,2
DA:19,2
DA:22,1
DA:23,3
DA:24,3
DA:25,3
DA:28,1
LF:18
LH:18
BRDA:19,0,0,1
BRDA:19,0,1,1
BRF:2
BRH:2
end_of_record
